#
# There is insufficient memory for the Java Runtime Environment to continue.
# Native memory allocation (malloc) failed to allocate 1524336 bytes for Chunk::new
# Possible reasons:
#   The system is out of physical RAM or swap space
#   The process is running with CompressedOops enabled, and the Java Heap may be blocking the growth of the native heap
# Possible solutions:
#   Reduce memory load on the system
#   Increase physical memory or swap space
#   Check if swap backing store is full
#   Decrease Java heap size (-Xmx/-Xms)
#   Decrease number of Java threads
#   Decrease Java thread stack sizes (-Xss)
#   Set larger code cache with -XX:ReservedCodeCacheSize=
#   JVM is running with Unscaled Compressed Oops mode in which the Java heap is
#     placed in the first 4GB address space. The Java Heap base address is the
#     maximum limit for the native heap growth. Please use -XX:HeapBaseMinAddress
#     to set the Java Heap base and to place the Java Heap above 4GB virtual address.
# This output file may be truncated or incomplete.
#
#  Out of Memory Error (allocation.cpp:389), pid=8664, tid=0x00000000000008a8
#
# JRE version: OpenJDK Runtime Environment (8.0_312-b07) (build 1.8.0_312-b07)
# Java VM: OpenJDK 64-Bit Server VM (25.312-b07 mixed mode windows-amd64 compressed oops)
# Failed to write core dump. Minidumps are not enabled by default on client versions of Windows
#

---------------  T H R E A D  ---------------

Current thread (0x000000001431a800):  JavaThread "C2 CompilerThread1" daemon [_thread_in_native, id=2216, stack(0x0000000015a70000,0x0000000015b70000)]

Stack: [0x0000000015a70000,0x0000000015b70000]
[error occurred during error reporting (printing stack bounds), id 0xc0000005]

Native frames: (J=compiled Java code, j=interpreted, Vv=VM code, C=native code)


Current CompileTask:
C2:25861666 39508       4       groovyjarjarasm.asm.ClassReader::readCode (5109 bytes)


---------------  P R O C E S S  ---------------

Java Threads: ( => current thread )
  0x000000001a177000 JavaThread "Unconstrained build operations Thread 40" [_thread_blocked, id=14184, stack(0x0000000028d80000,0x0000000028e80000)]
  0x000000001a16c000 JavaThread "Unconstrained build operations Thread 39" [_thread_blocked, id=7700, stack(0x0000000028c80000,0x0000000028d80000)]
  0x000000001a16b000 JavaThread "Unconstrained build operations Thread 38" [_thread_blocked, id=18636, stack(0x0000000026990000,0x0000000026a90000)]
  0x000000001a16a800 JavaThread "Unconstrained build operations Thread 37" [_thread_blocked, id=15304, stack(0x0000000022020000,0x0000000022120000)]
  0x000000001a169800 JavaThread "Unconstrained build operations Thread 36" [_thread_blocked, id=15880, stack(0x0000000021f20000,0x0000000022020000)]
  0x000000001a170800 JavaThread "Unconstrained build operations Thread 35" [_thread_blocked, id=8464, stack(0x0000000021c20000,0x0000000021d20000)]
  0x000000001a16c800 JavaThread "Unconstrained build operations Thread 34" [_thread_blocked, id=4848, stack(0x0000000021b20000,0x0000000021c20000)]
  0x000000001a16d800 JavaThread "Unconstrained build operations Thread 33" [_thread_blocked, id=20980, stack(0x0000000021a20000,0x0000000021b20000)]
  0x000000001a170000 JavaThread "Unconstrained build operations Thread 32" [_thread_blocked, id=21060, stack(0x0000000021920000,0x0000000021a20000)]
  0x000000001a16f000 JavaThread "Unconstrained build operations Thread 31" [_thread_blocked, id=12820, stack(0x0000000021820000,0x0000000021920000)]
  0x0000000025d00800 JavaThread "Unconstrained build operations Thread 30" [_thread_blocked, id=16392, stack(0x0000000021720000,0x0000000021820000)]
  0x0000000025cff800 JavaThread "Unconstrained build operations Thread 29" [_thread_blocked, id=18080, stack(0x0000000021620000,0x0000000021720000)]
  0x0000000025d01000 JavaThread "Unconstrained build operations Thread 28" [_thread_blocked, id=10260, stack(0x0000000021520000,0x0000000021620000)]
  0x0000000025cfe800 JavaThread "Unconstrained build operations Thread 27" [_thread_blocked, id=1696, stack(0x0000000021420000,0x0000000021520000)]
  0x0000000025cfe000 JavaThread "Unconstrained build operations Thread 26" [_thread_blocked, id=11892, stack(0x0000000021320000,0x0000000021420000)]
  0x0000000025cfc800 JavaThread "Unconstrained build operations Thread 25" [_thread_blocked, id=19904, stack(0x0000000021220000,0x0000000021320000)]
  0x0000000025cf7000 JavaThread "Unconstrained build operations Thread 24" [_thread_blocked, id=5312, stack(0x0000000021120000,0x0000000021220000)]
  0x0000000025cfd000 JavaThread "Unconstrained build operations Thread 23" [_thread_blocked, id=192, stack(0x0000000021020000,0x0000000021120000)]
  0x0000000025cfb800 JavaThread "Unconstrained build operations Thread 22" [_thread_blocked, id=12280, stack(0x0000000020f20000,0x0000000021020000)]
  0x0000000025cfb000 JavaThread "Unconstrained build operations Thread 21" [_thread_blocked, id=13476, stack(0x0000000020e20000,0x0000000020f20000)]
  0x0000000025cf3000 JavaThread "Unconstrained build operations Thread 20" [_thread_blocked, id=15368, stack(0x0000000020d20000,0x0000000020e20000)]
  0x0000000025cf3800 JavaThread "Unconstrained build operations Thread 19" [_thread_blocked, id=17676, stack(0x0000000020c20000,0x0000000020d20000)]
  0x0000000025cf6000 JavaThread "Unconstrained build operations Thread 18" [_thread_blocked, id=17868, stack(0x0000000020b20000,0x0000000020c20000)]
  0x0000000025cf4800 JavaThread "Unconstrained build operations Thread 17" [_thread_blocked, id=2008, stack(0x0000000020a20000,0x0000000020b20000)]
  0x0000000025cf7800 JavaThread "Unconstrained build operations Thread 16" [_thread_blocked, id=6028, stack(0x0000000020920000,0x0000000020a20000)]
  0x000000001a20f000 JavaThread "Unconstrained build operations Thread 15" [_thread_blocked, id=8688, stack(0x0000000020820000,0x0000000020920000)]
  0x000000001a215800 JavaThread "Unconstrained build operations Thread 14" [_thread_blocked, id=14064, stack(0x0000000020720000,0x0000000020820000)]
  0x000000001a214800 JavaThread "Unconstrained build operations Thread 13" [_thread_blocked, id=844, stack(0x0000000020620000,0x0000000020720000)]
  0x000000001a211800 JavaThread "Unconstrained build operations Thread 12" [_thread_blocked, id=10360, stack(0x0000000020520000,0x0000000020620000)]
  0x000000001a20c800 JavaThread "Unconstrained build operations Thread 11" [_thread_blocked, id=11876, stack(0x0000000020420000,0x0000000020520000)]
  0x000000001a20e000 JavaThread "Unconstrained build operations Thread 10" [_thread_blocked, id=21256, stack(0x0000000020320000,0x0000000020420000)]
  0x000000001a213800 JavaThread "Unconstrained build operations Thread 9" [_thread_blocked, id=19196, stack(0x0000000020220000,0x0000000020320000)]
  0x000000001a210800 JavaThread "Unconstrained build operations Thread 8" [_thread_blocked, id=18964, stack(0x0000000020120000,0x0000000020220000)]
  0x000000001a20d800 JavaThread "Unconstrained build operations Thread 7" [_thread_blocked, id=17124, stack(0x0000000020020000,0x0000000020120000)]
  0x000000001a210000 JavaThread "Unconstrained build operations Thread 6" [_thread_blocked, id=11240, stack(0x000000001ff20000,0x0000000020020000)]
  0x000000001a206800 JavaThread "Unconstrained build operations Thread 5" [_thread_blocked, id=9260, stack(0x000000001fe20000,0x000000001ff20000)]
  0x000000001a20c000 JavaThread "Unconstrained build operations Thread 4" [_thread_blocked, id=19920, stack(0x000000001fd20000,0x000000001fe20000)]
  0x000000001a20b000 JavaThread "Unconstrained build operations Thread 3" [_thread_blocked, id=9236, stack(0x000000001fc20000,0x000000001fd20000)]
  0x000000001a208800 JavaThread "Unconstrained build operations Thread 2" [_thread_blocked, id=7736, stack(0x000000001fb20000,0x000000001fc20000)]
  0x000000001a209800 JavaThread "Unconstrained build operations" [_thread_blocked, id=7388, stack(0x000000001f620000,0x000000001f720000)]
  0x000000001a208000 JavaThread "Cache worker for Build Output Cleanup Cache (C:\Users\admin\Desktop\Center\center\android\.gradle\buildOutputCleanup)" [_thread_blocked, id=14972, stack(0x000000001f120000,0x000000001f220000)]
  0x000000001940a000 JavaThread "Cache worker for dependencies-accessors (C:\Users\admin\Desktop\Center\center\android\.gradle\7.2\dependencies-accessors)" [_thread_blocked, id=3016, stack(0x000000001bd60000,0x000000001be60000)]
  0x0000000019409000 JavaThread "RMI TCP Connection(idle)" daemon [_thread_blocked, id=19872, stack(0x000000001bc60000,0x000000001bd60000)]
  0x000000001940a800 JavaThread "Cache worker for cache directory md-rule (C:\Users\admin\.gradle\caches\7.2\md-rule)" [_thread_blocked, id=10540, stack(0x000000001bb60000,0x000000001bc60000)]
  0x000000001940d800 JavaThread "Cache worker for cache directory md-supplier (C:\Users\admin\.gradle\caches\7.2\md-supplier)" [_thread_blocked, id=4388, stack(0x000000001b260000,0x000000001b360000)]
  0x000000001940c000 JavaThread "Cache worker for checksums cache (C:\Users\admin\Desktop\Center\center\android\.gradle\checksums)" [_thread_blocked, id=16896, stack(0x0000000018bc0000,0x0000000018cc0000)]
  0x0000000019400800 JavaThread "Cache worker for file hash cache (C:\Users\admin\Desktop\Center\center\android\.gradle\7.2\fileHashes)" [_thread_blocked, id=20720, stack(0x0000000018ac0000,0x0000000018bc0000)]
  0x0000000019402000 JavaThread "Daemon client event forwarder" [_thread_blocked, id=12392, stack(0x00000000189c0000,0x0000000018ac0000)]
  0x0000000019407800 JavaThread "Stdin handler" [_thread_blocked, id=13732, stack(0x00000000188c0000,0x00000000189c0000)]
  0x00000000193ff000 JavaThread "Asynchronous log dispatcher for DefaultDaemonConnection: socket connection from /127.0.0.1:52732 to /127.0.0.1:49626" [_thread_blocked, id=4264, stack(0x00000000187c0000,0x00000000188c0000)]
  0x0000000019402800 JavaThread "Daemon worker Thread 6" [_thread_in_Java, id=20036, stack(0x00000000186c0000,0x00000000187c0000)]
  0x0000000019405000 JavaThread "Cancel handler" [_thread_blocked, id=14276, stack(0x00000000185c0000,0x00000000186c0000)]
  0x0000000019404800 JavaThread "Handler for socket connection from /127.0.0.1:52732 to /127.0.0.1:49626" [_thread_in_native, id=20952, stack(0x0000000002b90000,0x0000000002c90000)]
  0x0000000019401000 JavaThread "Daemon Thread 6" [_thread_blocked, id=7620, stack(0x00000000012d0000,0x00000000013d0000)]
  0x0000000028499800 JavaThread "RMI TCP Accept-0" daemon [_thread_in_native, id=15912, stack(0x0000000029fc0000,0x000000002a0c0000)]
  0x0000000019403800 JavaThread "RMI Reaper" [_thread_blocked, id=9568, stack(0x000000002d490000,0x000000002d590000)]
  0x0000000023fa0000 JavaThread "RMI TCP Accept-0" daemon [_thread_in_native, id=15424, stack(0x000000002d390000,0x000000002d490000)]
  0x0000000023f9c000 JavaThread "GC Daemon" daemon [_thread_blocked, id=4864, stack(0x0000000029cc0000,0x0000000029dc0000)]
  0x0000000023f9b000 JavaThread "RMI Scheduler(0)" daemon [_thread_blocked, id=11820, stack(0x0000000029280000,0x0000000029380000)]
  0x0000000023f9f000 JavaThread "Cache worker for Java compile cache (C:\Users\admin\.gradle\caches\7.2\javaCompile)" [_thread_blocked, id=15044, stack(0x000000002adc0000,0x000000002aec0000)]
  0x0000000025cf9000 JavaThread "Device List Monitor" [_thread_in_native, id=18336, stack(0x0000000027590000,0x0000000027690000)]
  0x0000000025cfa000 JavaThread "JdwpProxyConnection" [_thread_in_native, id=19400, stack(0x0000000027490000,0x0000000027590000)]
  0x0000000025cf8800 JavaThread "Monitor" [_thread_in_native, id=17072, stack(0x00000000265f0000,0x00000000266f0000)]
  0x000000001a172000 JavaThread "Memory manager" [_thread_blocked, id=10912, stack(0x0000000022920000,0x0000000022a20000)]
  0x0000000019fce800 JavaThread "jar transforms Thread 4" [_thread_blocked, id=15120, stack(0x000000001ec20000,0x000000001ed20000)]
  0x0000000019fcd000 JavaThread "jar transforms Thread 3" [_thread_blocked, id=7688, stack(0x000000001eb20000,0x000000001ec20000)]
  0x0000000019fcb800 JavaThread "Cache worker for file content cache (C:\Users\admin\.gradle\caches\7.2\fileContent)" [_thread_blocked, id=19420, stack(0x000000001e570000,0x000000001e670000)]
  0x0000000019fc8000 JavaThread "jar transforms Thread 2" [_thread_blocked, id=13912, stack(0x000000001d430000,0x000000001d530000)]
  0x0000000019fca000 JavaThread "jar transforms" [_thread_blocked, id=16252, stack(0x000000001d330000,0x000000001d430000)]
  0x000000001aa56000 JavaThread "Cache worker for execution history cache (C:\Users\admin\.gradle\caches\7.2\executionHistory)" [_thread_blocked, id=16636, stack(0x000000001d030000,0x000000001d130000)]
  0x000000001aa5d000 JavaThread "File watcher consumer" daemon [_thread_blocked, id=12908, stack(0x000000001b860000,0x000000001b960000)]
  0x000000001aa58800 JavaThread "File watcher server" daemon [_thread_in_native, id=20156, stack(0x000000001b760000,0x000000001b860000)]
  0x000000001aa57000 JavaThread "Cache worker for file hash cache (C:\Users\admin\.gradle\caches\7.2\fileHashes)" [_thread_blocked, id=13096, stack(0x000000001ae60000,0x000000001af60000)]
  0x000000001aa5c800 JavaThread "File lock request listener" [_thread_in_native, id=7588, stack(0x000000001b460000,0x000000001b560000)]
  0x000000001aa5a800 JavaThread "Cache worker for journal cache (C:\Users\admin\.gradle\caches\journal-1)" [_thread_blocked, id=8764, stack(0x000000001b360000,0x000000001b460000)]
  0x0000000017103000 JavaThread "Daemon periodic checks" [_thread_blocked, id=8216, stack(0x00000000182c0000,0x00000000183c0000)]
  0x0000000015eb2800 JavaThread "Incoming local TCP Connector on port 52732" [_thread_in_native, id=13652, stack(0x0000000018080000,0x0000000018180000)]
  0x0000000017760800 JavaThread "Daemon health stats" [_thread_blocked, id=15188, stack(0x0000000017c40000,0x0000000017d40000)]
  0x0000000015b79000 JavaThread "Service Thread" daemon [_thread_blocked, id=10816, stack(0x0000000016070000,0x0000000016170000)]
  0x0000000015b78800 JavaThread "C1 CompilerThread2" daemon [_thread_blocked, id=14340, stack(0x0000000015f70000,0x0000000016070000)]
=>0x000000001431a800 JavaThread "C2 CompilerThread1" daemon [_thread_in_native, id=2216, stack(0x0000000015a70000,0x0000000015b70000)]
  0x000000001431f800 JavaThread "C2 CompilerThread0" daemon [_thread_in_vm, id=9232, stack(0x0000000015970000,0x0000000015a70000)]
  0x0000000014317000 JavaThread "Attach Listener" daemon [_thread_blocked, id=14668, stack(0x0000000015870000,0x0000000015970000)]
  0x0000000014316000 JavaThread "Signal Dispatcher" daemon [_thread_blocked, id=20552, stack(0x0000000015770000,0x0000000015870000)]
  0x0000000002f96000 JavaThread "Finalizer" daemon [_thread_blocked, id=21040, stack(0x0000000015560000,0x0000000015660000)]
  0x00000000142f9000 JavaThread "Reference Handler" daemon [_thread_blocked, id=20960, stack(0x0000000015460000,0x0000000015560000)]
  0x0000000002ea3000 JavaThread "main" [_thread_blocked, id=8448, stack(0x0000000002d80000,0x0000000002e80000)]

Other Threads:
  0x00000000142d6000 VMThread [stack: 0x0000000015360000,0x0000000015460000] [id=5284]
  0x0000000015b7c000 WatcherThread [stack: 0x0000000016170000,0x0000000016270000] [id=10908]

VM state:not at safepoint (normal execution)

VM Mutex/Monitor currently owned by a thread: None

heap address: 0x00000000e0000000, size: 512 MB, Compressed Oops mode: 32-bit
Narrow klass base: 0x0000000000000000, Narrow klass shift: 3
Compressed class space size: 1073741824 Address: 0x0000000100000000

Heap:
 PSYoungGen      total 113664K, used 25022K [0x00000000f5580000, 0x00000000ffd00000, 0x0000000100000000)
  eden space 58880K, 41% used [0x00000000f5580000,0x00000000f6d779c0,0x00000000f8f00000)
  from space 54784K, 0% used [0x00000000fc780000,0x00000000fc7f8020,0x00000000ffd00000)
  to   space 56320K, 0% used [0x00000000f8f00000,0x00000000f8f00000,0x00000000fc600000)
 ParOldGen       total 349696K, used 317410K [0x00000000e0000000, 0x00000000f5580000, 0x00000000f5580000)
  object space 349696K, 90% used [0x00000000e0000000,0x00000000f35f88f0,0x00000000f5580000)
 Metaspace       used 145477K, capacity 156106K, committed 156352K, reserved 1185792K
  class space    used 18932K, capacity 20838K, committed 20928K, reserved 1048576K

Card table byte_map: [0x0000000012360000,0x0000000012470000] byte_map_base: 0x0000000011c60000

Marking Bits: (ParMarkBitMap*) 0x0000000068772480
 Begin Bits: [0x0000000012870000, 0x0000000013070000)
 End Bits:   [0x0000000013070000, 0x0000000013870000)

Polling page: 0x0000000000df0000

CodeCache: size=245760Kb used=102539Kb max_used=102555Kb free=143220Kb
 bounds [0x0000000002fa0000, 0x0000000009460000, 0x0000000011fa0000]
 total_blobs=29285 nmethods=28252 adapters=941
 compilation: enabled

Compilation events (10 events):
Event: 25861.637 Thread 0x0000000015b78800 39523       1       org.codehaus.groovy.classgen.asm.CompileStack::isInSpecialConstructorCall (5 bytes)
Event: 25861.637 Thread 0x0000000015b78800 nmethod 39523 0x000000000941c090 code [0x000000000941c1e0, 0x000000000941c2f0]
Event: 25861.637 Thread 0x0000000015b78800 39524       3       org.codehaus.groovy.classgen.asm.ClosureWriter$CorrectAccessedVariableVisitor::visitVariableExpression (45 bytes)
Event: 25861.641 Thread 0x0000000015b78800 nmethod 39524 0x000000000944a250 code [0x000000000944a3e0, 0x000000000944a888]
Event: 25861.641 Thread 0x0000000015b78800 39526       3       org.codehaus.groovy.classgen.asm.CompileStack::pushLHS (20 bytes)
Event: 25861.642 Thread 0x0000000015b78800 nmethod 39526 0x0000000009449cd0 code [0x0000000009449e40, 0x000000000944a148]
Event: 25861.642 Thread 0x0000000015b78800 39525       1       org.codehaus.groovy.ast.expr.GStringExpression::getStrings (5 bytes)
Event: 25861.643 Thread 0x0000000015b78800 nmethod 39525 0x0000000009449a10 code [0x0000000009449b60, 0x0000000009449c70]
Event: 25861.645 Thread 0x0000000015b78800 39527       1       org.codehaus.groovy.classgen.asm.MopWriter$MopKey::hashCode (5 bytes)
Event: 25861.646 Thread 0x0000000015b78800 nmethod 39527 0x0000000009449750 code [0x00000000094498a0, 0x00000000094499b0]

GC Heap History (10 events):
Event: 25468.352 GC heap before
{Heap before GC invocations=166 (full 13):
 PSYoungGen      total 116736K, used 75741K [0x00000000f5580000, 0x0000000100000000, 0x0000000100000000)
  eden space 58880K, 100% used [0x00000000f5580000,0x00000000f8f00000,0x00000000f8f00000)
  from space 57856K, 29% used [0x00000000f8f00000,0x00000000f9f777d0,0x00000000fc780000)
  to   space 57856K, 0% used [0x00000000fc780000,0x00000000fc780000,0x0000000100000000)
 ParOldGen       total 349696K, used 310256K [0x00000000e0000000, 0x00000000f5580000, 0x00000000f5580000)
  object space 349696K, 88% used [0x00000000e0000000,0x00000000f2efc370,0x00000000f5580000)
 Metaspace       used 144857K, capacity 155354K, committed 156096K, reserved 1183744K
  class space    used 18846K, capacity 20728K, committed 20928K, reserved 1048576K
Event: 25468.358 GC heap after
Heap after GC invocations=166 (full 13):
 PSYoungGen      total 116736K, used 5490K [0x00000000f5580000, 0x0000000100000000, 0x0000000100000000)
  eden space 58880K, 0% used [0x00000000f5580000,0x00000000f5580000,0x00000000f8f00000)
  from space 57856K, 9% used [0x00000000fc780000,0x00000000fccdcb28,0x0000000100000000)
  to   space 57856K, 0% used [0x00000000f8f00000,0x00000000f8f00000,0x00000000fc780000)
 ParOldGen       total 349696K, used 313824K [0x00000000e0000000, 0x00000000f5580000, 0x00000000f5580000)
  object space 349696K, 89% used [0x00000000e0000000,0x00000000f3278078,0x00000000f5580000)
 Metaspace       used 144857K, capacity 155354K, committed 156096K, reserved 1183744K
  class space    used 18846K, capacity 20728K, committed 20928K, reserved 1048576K
}
Event: 25469.104 GC heap before
{Heap before GC invocations=167 (full 13):
 PSYoungGen      total 116736K, used 64370K [0x00000000f5580000, 0x0000000100000000, 0x0000000100000000)
  eden space 58880K, 100% used [0x00000000f5580000,0x00000000f8f00000,0x00000000f8f00000)
  from space 57856K, 9% used [0x00000000fc780000,0x00000000fccdcb28,0x0000000100000000)
  to   space 57856K, 0% used [0x00000000f8f00000,0x00000000f8f00000,0x00000000fc780000)
 ParOldGen       total 349696K, used 313824K [0x00000000e0000000, 0x00000000f5580000, 0x00000000f5580000)
  object space 349696K, 89% used [0x00000000e0000000,0x00000000f3278078,0x00000000f5580000)
 Metaspace       used 145101K, capacity 155610K, committed 156096K, reserved 1183744K
  class space    used 18885K, capacity 20740K, committed 20928K, reserved 1048576K
Event: 25469.109 GC heap after
Heap after GC invocations=167 (full 13):
 PSYoungGen      total 116736K, used 1062K [0x00000000f5580000, 0x0000000100000000, 0x0000000100000000)
  eden space 58880K, 0% used [0x00000000f5580000,0x00000000f5580000,0x00000000f8f00000)
  from space 57856K, 1% used [0x00000000f8f00000,0x00000000f9009870,0x00000000fc780000)
  to   space 57856K, 0% used [0x00000000fc780000,0x00000000fc780000,0x0000000100000000)
 ParOldGen       total 349696K, used 313984K [0x00000000e0000000, 0x00000000f5580000, 0x00000000f5580000)
  object space 349696K, 89% used [0x00000000e0000000,0x00000000f32a00a8,0x00000000f5580000)
 Metaspace       used 145101K, capacity 155610K, committed 156096K, reserved 1183744K
  class space    used 18885K, capacity 20740K, committed 20928K, reserved 1048576K
}
Event: 25851.328 GC heap before
{Heap before GC invocations=168 (full 13):
 PSYoungGen      total 116736K, used 59942K [0x00000000f5580000, 0x0000000100000000, 0x0000000100000000)
  eden space 58880K, 100% used [0x00000000f5580000,0x00000000f8f00000,0x00000000f8f00000)
  from space 57856K, 1% used [0x00000000f8f00000,0x00000000f9009870,0x00000000fc780000)
  to   space 57856K, 0% used [0x00000000fc780000,0x00000000fc780000,0x0000000100000000)
 ParOldGen       total 349696K, used 313984K [0x00000000e0000000, 0x00000000f5580000, 0x00000000f5580000)
  object space 349696K, 89% used [0x00000000e0000000,0x00000000f32a00a8,0x00000000f5580000)
 Metaspace       used 145363K, capacity 156042K, committed 156352K, reserved 1185792K
  class space    used 18931K, capacity 20838K, committed 20928K, reserved 1048576K
Event: 25853.621 GC heap after
Heap after GC invocations=168 (full 13):
 PSYoungGen      total 116736K, used 3344K [0x00000000f5580000, 0x0000000100000000, 0x0000000100000000)
  eden space 58880K, 0% used [0x00000000f5580000,0x00000000f5580000,0x00000000f8f00000)
  from space 57856K, 5% used [0x00000000fc780000,0x00000000fcac4010,0x0000000100000000)
  to   space 57856K, 0% used [0x00000000f8f00000,0x00000000f8f00000,0x00000000fc780000)
 ParOldGen       total 349696K, used 314393K [0x00000000e0000000, 0x00000000f5580000, 0x00000000f5580000)
  object space 349696K, 89% used [0x00000000e0000000,0x00000000f3306508,0x00000000f5580000)
 Metaspace       used 145363K, capacity 156042K, committed 156352K, reserved 1185792K
  class space    used 18931K, capacity 20838K, committed 20928K, reserved 1048576K
}
Event: 25856.362 GC heap before
{Heap before GC invocations=169 (full 13):
 PSYoungGen      total 116736K, used 62224K [0x00000000f5580000, 0x0000000100000000, 0x0000000100000000)
  eden space 58880K, 100% used [0x00000000f5580000,0x00000000f8f00000,0x00000000f8f00000)
  from space 57856K, 5% used [0x00000000fc780000,0x00000000fcac4010,0x0000000100000000)
  to   space 57856K, 0% used [0x00000000f8f00000,0x00000000f8f00000,0x00000000fc780000)
 ParOldGen       total 349696K, used 314393K [0x00000000e0000000, 0x00000000f5580000, 0x00000000f5580000)
  object space 349696K, 89% used [0x00000000e0000000,0x00000000f3306508,0x00000000f5580000)
 Metaspace       used 145364K, capacity 156042K, committed 156352K, reserved 1185792K
  class space    used 18932K, capacity 20838K, committed 20928K, reserved 1048576K
Event: 25857.185 GC heap after
Heap after GC invocations=169 (full 13):
 PSYoungGen      total 116736K, used 352K [0x00000000f5580000, 0x0000000100000000, 0x0000000100000000)
  eden space 58880K, 0% used [0x00000000f5580000,0x00000000f5580000,0x00000000f8f00000)
  from space 57856K, 0% used [0x00000000f8f00000,0x00000000f8f58000,0x00000000fc780000)
  to   space 57856K, 0% used [0x00000000fc780000,0x00000000fc780000,0x0000000100000000)
 ParOldGen       total 349696K, used 317290K [0x00000000e0000000, 0x00000000f5580000, 0x00000000f5580000)
  object space 349696K, 90% used [0x00000000e0000000,0x00000000f35da8e0,0x00000000f5580000)
 Metaspace       used 145364K, capacity 156042K, committed 156352K, reserved 1185792K
  class space    used 18932K, capacity 20838K, committed 20928K, reserved 1048576K
}
Event: 25858.151 GC heap before
{Heap before GC invocations=170 (full 13):
 PSYoungGen      total 116736K, used 59232K [0x00000000f5580000, 0x0000000100000000, 0x0000000100000000)
  eden space 58880K, 100% used [0x00000000f5580000,0x00000000f8f00000,0x00000000f8f00000)
  from space 57856K, 0% used [0x00000000f8f00000,0x00000000f8f58000,0x00000000fc780000)
  to   space 57856K, 0% used [0x00000000fc780000,0x00000000fc780000,0x0000000100000000)
 ParOldGen       total 349696K, used 317290K [0x00000000e0000000, 0x00000000f5580000, 0x00000000f5580000)
  object space 349696K, 90% used [0x00000000e0000000,0x00000000f35da8e0,0x00000000f5580000)
 Metaspace       used 145385K, capacity 156042K, committed 156352K, reserved 1185792K
  class space    used 18932K, capacity 20838K, committed 20928K, reserved 1048576K
Event: 25858.173 GC heap after
Heap after GC invocations=170 (full 13):
 PSYoungGen      total 113664K, used 480K [0x00000000f5580000, 0x00000000ffd00000, 0x0000000100000000)
  eden space 58880K, 0% used [0x00000000f5580000,0x00000000f5580000,0x00000000f8f00000)
  from space 54784K, 0% used [0x00000000fc780000,0x00000000fc7f8020,0x00000000ffd00000)
  to   space 56320K, 0% used [0x00000000f8f00000,0x00000000f8f00000,0x00000000fc600000)
 ParOldGen       total 349696K, used 317410K [0x00000000e0000000, 0x00000000f5580000, 0x00000000f5580000)
  object space 349696K, 90% used [0x00000000e0000000,0x00000000f35f88f0,0x00000000f5580000)
 Metaspace       used 145385K, capacity 156042K, committed 156352K, reserved 1185792K
  class space    used 18932K, capacity 20838K, committed 20928K, reserved 1048576K
}

Deoptimization events (10 events):
Event: 25855.080 Thread 0x0000000019402800 Uncommon trap: reason=class_check action=maybe_recompile pc=0x00000000065fa380 method=groovyjarjarantlr4.v4.runtime.atn.SemanticContext.filterPrecedencePredicates(Ljava/util/Collection;)Ljava/util/List; @ 24
Event: 25855.085 Thread 0x0000000019402800 Uncommon trap: reason=class_check action=maybe_recompile pc=0x00000000065fa380 method=groovyjarjarantlr4.v4.runtime.atn.SemanticContext.filterPrecedencePredicates(Ljava/util/Collection;)Ljava/util/List; @ 24
Event: 25855.273 Thread 0x0000000019402800 Uncommon trap: reason=class_check action=maybe_recompile pc=0x000000000650a6ec method=groovyjarjarantlr4.v4.runtime.atn.ParserATNSimulator.isConflicted(Lgroovyjarjarantlr4/v4/runtime/atn/ATNConfigSet;Lgroovyjarjarantlr4/v4/runtime/atn/PredictionContextCac
Event: 25858.343 Thread 0x0000000019402800 Uncommon trap: reason=class_check action=maybe_recompile pc=0x000000000650a6ec method=groovyjarjarantlr4.v4.runtime.atn.ParserATNSimulator.isConflicted(Lgroovyjarjarantlr4/v4/runtime/atn/ATNConfigSet;Lgroovyjarjarantlr4/v4/runtime/atn/PredictionContextCac
Event: 25861.331 Thread 0x0000000019402800 Uncommon trap: reason=class_check action=maybe_recompile pc=0x000000000670ad24 method=org.codehaus.groovy.classgen.Verifier.getCovariantImplementation(Lorg/codehaus/groovy/ast/MethodNode;Lorg/codehaus/groovy/ast/MethodNode;Ljava/util/Map;Z)Lorg/codehaus/g
Event: 25861.333 Thread 0x0000000019402800 Uncommon trap: reason=class_check action=maybe_recompile pc=0x000000000670ad24 method=org.codehaus.groovy.classgen.Verifier.getCovariantImplementation(Lorg/codehaus/groovy/ast/MethodNode;Lorg/codehaus/groovy/ast/MethodNode;Ljava/util/Map;Z)Lorg/codehaus/g
Event: 25861.333 Thread 0x0000000019402800 Uncommon trap: reason=class_check action=maybe_recompile pc=0x000000000670ad24 method=org.codehaus.groovy.classgen.Verifier.getCovariantImplementation(Lorg/codehaus/groovy/ast/MethodNode;Lorg/codehaus/groovy/ast/MethodNode;Ljava/util/Map;Z)Lorg/codehaus/g
Event: 25861.334 Thread 0x0000000019402800 Uncommon trap: reason=class_check action=maybe_recompile pc=0x000000000670ad24 method=org.codehaus.groovy.classgen.Verifier.getCovariantImplementation(Lorg/codehaus/groovy/ast/MethodNode;Lorg/codehaus/groovy/ast/MethodNode;Ljava/util/Map;Z)Lorg/codehaus/g
Event: 25861.353 Thread 0x0000000019402800 Uncommon trap: reason=speculate_class_check action=maybe_recompile pc=0x000000000639c624 method=java.util.HashMap.removeNode(ILjava/lang/Object;Ljava/lang/Object;ZZ)Ljava/util/HashMap$Node; @ 283
Event: 25861.356 Thread 0x0000000019402800 Uncommon trap: reason=speculate_class_check action=maybe_recompile pc=0x000000000639c624 method=java.util.HashMap.removeNode(ILjava/lang/Object;Ljava/lang/Object;ZZ)Ljava/util/HashMap$Node; @ 283

Classes redefined (0 events):
No events

Internal exceptions (10 events):
Event: 25468.946 Thread 0x000000001a177000 Exception <a 'java/lang/reflect/InvocationTargetException'> (0x00000000f8994c20) thrown at [C:\tmp\build-8-cpu\jdk8u\hotspot\src\share\vm\runtime\reflection.cpp, line 1092]
Event: 25469.331 Thread 0x000000002849a800 Exception <a 'java/lang/NoSuchMethodError': <clinit>> (0x00000000f58f20b0) thrown at [C:\tmp\build-8-cpu\jdk8u\hotspot\src\share\vm\prims\jni.cpp, line 1616]
Event: 25469.333 Thread 0x000000002849a800 Exception <a 'java/lang/NoSuchMethodError': <clinit>> (0x00000000f59020a8) thrown at [C:\tmp\build-8-cpu\jdk8u\hotspot\src\share\vm\prims\jni.cpp, line 1616]
Event: 25469.334 Thread 0x000000002849a800 Exception <a 'java/lang/NoSuchMethodError': <clinit>> (0x00000000f5904558) thrown at [C:\tmp\build-8-cpu\jdk8u\hotspot\src\share\vm\prims\jni.cpp, line 1616]
Event: 25469.336 Thread 0x000000002849a800 Exception <a 'java/lang/NoSuchMethodError': <clinit>> (0x00000000f5914638) thrown at [C:\tmp\build-8-cpu\jdk8u\hotspot\src\share\vm\prims\jni.cpp, line 1616]
Event: 25469.337 Thread 0x000000002849a800 Exception <a 'java/lang/NoSuchMethodError': <clinit>> (0x00000000f591f9c0) thrown at [C:\tmp\build-8-cpu\jdk8u\hotspot\src\share\vm\prims\jni.cpp, line 1616]
Event: 25469.343 Thread 0x000000002849a800 Exception <a 'java/lang/NoSuchMethodError': <clinit>> (0x00000000f5940a48) thrown at [C:\tmp\build-8-cpu\jdk8u\hotspot\src\share\vm\prims\jni.cpp, line 1616]
Event: 25469.356 Thread 0x000000002849a800 Exception <a 'java/lang/NoSuchMethodError': <clinit>> (0x00000000f59587f8) thrown at [C:\tmp\build-8-cpu\jdk8u\hotspot\src\share\vm\prims\jni.cpp, line 1616]
Event: 25469.358 Thread 0x000000002849a800 Exception <a 'java/lang/NoSuchMethodError': <clinit>> (0x00000000f59711b8) thrown at [C:\tmp\build-8-cpu\jdk8u\hotspot\src\share\vm\prims\jni.cpp, line 1616]
Event: 25519.666 Thread 0x0000000019400800 Exception <a 'java/lang/NoSuchMethodError': <clinit>> (0x00000000f5a3b7f8) thrown at [C:\tmp\build-8-cpu\jdk8u\hotspot\src\share\vm\prims\jni.cpp, line 1616]

Events (10 events):
Event: 25861.334 Thread 0x0000000019402800 DEOPT UNPACKING pc=0x0000000002fe557b sp=0x00000000187b9b80 mode 2
Event: 25861.334 Thread 0x0000000019402800 Uncommon trap: trap_request=0xffffffde fr.pc=0x000000000670ad24
Event: 25861.334 Thread 0x0000000019402800 DEOPT PACKING pc=0x000000000670ad24 sp=0x00000000187b9c20
Event: 25861.334 Thread 0x0000000019402800 DEOPT UNPACKING pc=0x0000000002fe557b sp=0x00000000187b9b80 mode 2
Event: 25861.352 Thread 0x0000000019402800 Uncommon trap: trap_request=0xffffff76 fr.pc=0x000000000639c624
Event: 25861.353 Thread 0x0000000019402800 DEOPT PACKING pc=0x000000000639c624 sp=0x00000000187b8bf0
Event: 25861.355 Thread 0x0000000019402800 DEOPT UNPACKING pc=0x0000000002fe557b sp=0x00000000187b8b00 mode 2
Event: 25861.356 Thread 0x0000000019402800 Uncommon trap: trap_request=0xffffff76 fr.pc=0x000000000639c624
Event: 25861.356 Thread 0x0000000019402800 DEOPT PACKING pc=0x000000000639c624 sp=0x00000000187b8bf0
Event: 25861.356 Thread 0x0000000019402800 DEOPT UNPACKING pc=0x0000000002fe557b sp=0x00000000187b8b00 mode 2


Dynamic libraries:
0x00007ff60b9b0000 - 0x00007ff60b9e5000 	C:\Program Files\OpenJDK\openjdk-8u312-b07\bin\java.exe
0x00007ffba6ab0000 - 0x00007ffba6ca8000 	C:\WINDOWS\SYSTEM32\ntdll.dll
0x00007ffba5e00000 - 0x00007ffba5ebd000 	C:\WINDOWS\System32\KERNEL32.DLL
0x00007ffba44c0000 - 0x00007ffba478e000 	C:\WINDOWS\System32\KERNELBASE.dll
0x00007ffba6130000 - 0x00007ffba61de000 	C:\WINDOWS\System32\ADVAPI32.dll
0x00007ffba69d0000 - 0x00007ffba6a6e000 	C:\WINDOWS\System32\msvcrt.dll
0x00007ffba4f80000 - 0x00007ffba501c000 	C:\WINDOWS\System32\sechost.dll
0x00007ffba5ec0000 - 0x00007ffba5fe5000 	C:\WINDOWS\System32\RPCRT4.dll
0x00007ffba64d0000 - 0x00007ffba6670000 	C:\WINDOWS\System32\USER32.dll
0x00007ffba4960000 - 0x00007ffba4982000 	C:\WINDOWS\System32\win32u.dll
0x00007ffba4c50000 - 0x00007ffba4c7a000 	C:\WINDOWS\System32\GDI32.dll
0x00007ffba4a00000 - 0x00007ffba4b0b000 	C:\WINDOWS\System32\gdi32full.dll
0x00007ffba4790000 - 0x00007ffba482d000 	C:\WINDOWS\System32\msvcp_win.dll
0x00007ffba41d0000 - 0x00007ffba42d0000 	C:\WINDOWS\System32\ucrtbase.dll
0x00007ffb93990000 - 0x00007ffb93c2a000 	C:\WINDOWS\WinSxS\amd64_microsoft.windows.common-controls_6595b64144ccf1df_6.0.19041.1110_none_60b5254171f9507e\COMCTL32.dll
0x00007ffba5ff0000 - 0x00007ffba6020000 	C:\WINDOWS\System32\IMM32.DLL
0x0000000068800000 - 0x00000000688d2000 	C:\Program Files\OpenJDK\openjdk-8u312-b07\jre\bin\msvcr100.dll
0x0000000067f60000 - 0x00000000687f4000 	C:\Program Files\OpenJDK\openjdk-8u312-b07\jre\bin\server\jvm.dll
0x00007ffba4c40000 - 0x00007ffba4c48000 	C:\WINDOWS\System32\PSAPI.DLL
0x00007ffb9bfe0000 - 0x00007ffb9bfe9000 	C:\WINDOWS\SYSTEM32\WSOCK32.dll
0x00007ffba5d90000 - 0x00007ffba5dfb000 	C:\WINDOWS\System32\WS2_32.dll
0x00007ffb9c8f0000 - 0x00007ffb9c917000 	C:\WINDOWS\SYSTEM32\WINMM.dll
0x00007ffb97510000 - 0x00007ffb9751a000 	C:\WINDOWS\SYSTEM32\VERSION.dll
0x00007ffb9b890000 - 0x00007ffb9b89f000 	C:\Program Files\OpenJDK\openjdk-8u312-b07\jre\bin\verify.dll
0x00007ffb8daf0000 - 0x00007ffb8db19000 	C:\Program Files\OpenJDK\openjdk-8u312-b07\jre\bin\java.dll
0x00007ffb92dc0000 - 0x00007ffb92dd6000 	C:\Program Files\OpenJDK\openjdk-8u312-b07\jre\bin\zip.dll
0x00007ffba5020000 - 0x00007ffba5764000 	C:\WINDOWS\System32\SHELL32.dll
0x00007ffba22d0000 - 0x00007ffba2a64000 	C:\WINDOWS\SYSTEM32\windows.storage.dll
0x00007ffba6670000 - 0x00007ffba69c4000 	C:\WINDOWS\System32\combase.dll
0x00007ffba3b60000 - 0x00007ffba3b90000 	C:\WINDOWS\SYSTEM32\Wldp.dll
0x00007ffba6020000 - 0x00007ffba60cd000 	C:\WINDOWS\System32\SHCORE.dll
0x00007ffba4c80000 - 0x00007ffba4cd5000 	C:\WINDOWS\System32\shlwapi.dll
0x00007ffba4110000 - 0x00007ffba412f000 	C:\WINDOWS\SYSTEM32\profapi.dll
0x00007ffb8ed80000 - 0x00007ffb8ed9b000 	C:\Program Files\OpenJDK\openjdk-8u312-b07\jre\bin\net.dll
0x00007ffba38c0000 - 0x00007ffba392a000 	C:\WINDOWS\system32\mswsock.dll
0x00007ffb8ed10000 - 0x00007ffb8ed21000 	C:\Program Files\OpenJDK\openjdk-8u312-b07\jre\bin\nio.dll
0x00007ffb8b890000 - 0x00007ffb8b8b7000 	C:\Users\admin\.gradle\native\e1d6ef7f7dcc3fd88c89a11ec53ec762bb8ba0a96d01ffa2cd45eb1d1d8dd5c5\windows-amd64\native-platform.dll
0x00007ffb75390000 - 0x00007ffb754d4000 	C:\Users\admin\.gradle\native\5664cfc778a61ccfe75a443a1ab52a65af34e5dc3c78e0209fed803814484fcb\windows-amd64\native-platform-file-events.dll
0x00007ffb99a70000 - 0x00007ffb99a7d000 	C:\Program Files\OpenJDK\openjdk-8u312-b07\jre\bin\management.dll
0x00007ffba3ac0000 - 0x00007ffba3ad8000 	C:\WINDOWS\SYSTEM32\CRYPTSP.dll
0x00007ffba3240000 - 0x00007ffba3274000 	C:\WINDOWS\system32\rsaenh.dll
0x00007ffba4880000 - 0x00007ffba48a7000 	C:\WINDOWS\System32\bcrypt.dll
0x00007ffba40d0000 - 0x00007ffba40fe000 	C:\WINDOWS\SYSTEM32\USERENV.dll
0x00007ffba4430000 - 0x00007ffba44b2000 	C:\WINDOWS\System32\bcryptprimitives.dll
0x00007ffba3ab0000 - 0x00007ffba3abc000 	C:\WINDOWS\SYSTEM32\CRYPTBASE.dll
0x00007ffba35b0000 - 0x00007ffba35eb000 	C:\WINDOWS\SYSTEM32\IPHLPAPI.DLL
0x00007ffba61e0000 - 0x00007ffba61e8000 	C:\WINDOWS\System32\NSI.dll
0x00007ffb9c290000 - 0x00007ffb9c2a7000 	C:\WINDOWS\SYSTEM32\dhcpcsvc6.DLL
0x00007ffb9d230000 - 0x00007ffb9d24d000 	C:\WINDOWS\SYSTEM32\dhcpcsvc.DLL
0x00007ffba35f0000 - 0x00007ffba36ba000 	C:\WINDOWS\SYSTEM32\DNSAPI.dll
0x00007ffb9b120000 - 0x00007ffb9b12a000 	C:\Windows\System32\rasadhlp.dll
0x00007ffb9b2e0000 - 0x00007ffb9b360000 	C:\WINDOWS\System32\fwpuclnt.dll
0x00007ffb9fb60000 - 0x00007ffb9fb84000 	C:\Program Files\OpenJDK\openjdk-8u312-b07\jre\bin\sunec.dll
0x00007ffb9fce0000 - 0x00007ffb9fcec000 	C:\Program Files\OpenJDK\openjdk-8u312-b07\jre\bin\sunmscapi.dll
0x00007ffba42d0000 - 0x00007ffba4426000 	C:\WINDOWS\System32\CRYPT32.dll
0x00007ffba3bd0000 - 0x00007ffba3bf7000 	C:\WINDOWS\SYSTEM32\ncrypt.dll
0x00007ffba3b90000 - 0x00007ffba3bcb000 	C:\WINDOWS\SYSTEM32\NTASN1.dll
0x00007ffba2ed0000 - 0x00007ffba2f03000 	C:\WINDOWS\SYSTEM32\ntmarta.dll
0x00007ffb9fbf0000 - 0x00007ffb9fc0e000 	C:\Users\admin\AppData\Local\Temp\native-platform2826000694917822407dir\native-platform.dll
0x00007ffb9cb40000 - 0x00007ffb9cb5e000 	C:\Users\admin\AppData\Local\Temp\native-platform4541308598367112456dir\native-platform.dll

VM Arguments:
jvm_args: -XX:MaxMetaspaceSize=256m -XX:+HeapDumpOnOutOfMemoryError -Xms256m -Xmx512m -Dfile.encoding=windows-1252 -Duser.country=US -Duser.language=en -Duser.variant 
java_command: org.gradle.launcher.daemon.bootstrap.GradleDaemon 7.2
java_class_path (initial): C:\Users\admin\.gradle\wrapper\dists\gradle-7.2-all\260hg96vuh6ex27h9vo47iv4d\gradle-7.2\lib\gradle-launcher-7.2.jar
Launcher Type: SUN_STANDARD

Environment Variables:
JAVA_HOME=C:\Program Files\OpenJDK\openjdk-8u312-b07
CLASSPATH=C:\Users\admin\Desktop\Center\center\android\\gradle\wrapper\gradle-wrapper.jar
PATH=C:\Users\admin\Desktop\Center\Center\android\node_modules\.bin;C:\Users\admin\Desktop\Center\Center\node_modules\.bin;C:\Users\admin\Desktop\Center\node_modules\.bin;C:\Users\admin\Desktop\node_modules\.bin;C:\Users\admin\node_modules\.bin;C:\Users\node_modules\.bin;C:\node_modules\.bin;C:\Program Files\nodejs;C:\Users\admin\Desktop\Center\Center\node_modules\.bin;C:\Users\admin\Desktop\Center\node_modules\.bin;C:\Users\admin\Desktop\node_modules\.bin;C:\Users\admin\node_modules\.bin;C:\Users\node_modules\.bin;C:\node_modules\.bin;C:\Program Files\nodejs\node_modules\npm\node_modules\@npmcli\run-script\lib\node-gyp-bin;C:\Program Files (x86)\Common Files\Oracle\Java\javapath;C:\WINDOWS\system32;C:\WINDOWS;C:\WINDOWS\System32\Wbem;C:\WINDOWS\System32\WindowsPowerShell\v1.0\;C:\WINDOWS\System32\OpenSSH\;C:\ProgramData\chocolatey\bin;C:\Program Files\OpenJDK\openjdk-8u312-b07\bin;C:\Users\admin\AppData\Local\Android\Sdk\platform-tools;C:\Program Files\nodejs\;C:\Users\admin\AppData\Local\Microsoft\WindowsApps;C:\Users\admin\AppData\Local\Programs\Microsoft VS Code\bin;C:\Users\admin\AppData\Roaming\npm;C:\Users\admin\Desktop\Center\Center\node_modules\.bin
USERNAME=AliHassan
OS=Windows_NT
PROCESSOR_IDENTIFIER=Intel64 Family 6 Model 58 Stepping 9, GenuineIntel



---------------  S Y S T E M  ---------------

OS: Windows 10.0 , 64 bit Build 19041 (10.0.19041.1889)

CPU:total 4 (initial active 4) (2 cores per cpu, 2 threads per core) family 6 model 58 stepping 9, cmov, cx8, fxsr, mmx, sse, sse2, sse3, ssse3, sse4.1, sse4.2, popcnt, avx, aes, clmul, erms, ht, tsc, tscinvbit, tscinv

Memory: 4k page, physical 3884552k(48076k free), swap 15943064k(4248k free)

vm_info: OpenJDK 64-Bit Server VM (25.312-b07) for windows-amd64 JRE (1.8.0_312-b07), built on Oct 15 2021 11:47:12 by "build" with MS VC++ 10.0 (VS2010)

time: Wed Aug 31 22:32:01 2022
timezone: Pakistan Standard Time
elapsed time: 25861.706494 seconds (0d 7h 11m 1s)

